<?xml version="1.0" encoding="UTF-8"?>
<testng-results ignored="0" total="3" passed="3" failed="0" skipped="0">
  <reporter-output>
  </reporter-output>
  <suite started-at="2025-06-21T12:01:50 IST" name="Simplilearn" finished-at="2025-06-21T12:02:01 IST" duration-ms="11236">
    <groups>
    </groups>
    <test started-at="2025-06-21T12:01:50 IST" name="SmokeTest" finished-at="2025-06-21T12:02:01 IST" duration-ms="11236">
      <class name="swaglab_test.login_test">
        <test-method is-config="true" signature="setUp()[pri:0, instance:swaglab_test.login_test@6a28ffa4]" started-at="2025-06-21T12:01:50 IST" name="setUp" finished-at="2025-06-21T12:01:54 IST" duration-ms="4247" status="PASS">
          <reporter-output>
          </reporter-output>
        </test-method> <!-- setUp -->
        <test-method signature="LockedUserLoginFailureTest()[pri:0, instance:swaglab_test.login_test@6a28ffa4]" started-at="2025-06-21T12:01:54 IST" name="LockedUserLoginFailureTest" finished-at="2025-06-21T12:01:55 IST" duration-ms="413" status="PASS">
          <reporter-output>
          </reporter-output>
        </test-method> <!-- LockedUserLoginFailureTest -->
        <test-method is-config="true" signature="tearDown()[pri:0, instance:swaglab_test.login_test@6a28ffa4]" started-at="2025-06-21T12:01:55 IST" name="tearDown" finished-at="2025-06-21T12:01:55 IST" duration-ms="154" status="PASS">
          <reporter-output>
          </reporter-output>
        </test-method> <!-- tearDown -->
        <test-method is-config="true" signature="setUp()[pri:0, instance:swaglab_test.login_test@6a28ffa4]" started-at="2025-06-21T12:01:55 IST" name="setUp" finished-at="2025-06-21T12:01:58 IST" duration-ms="3265" status="PASS">
          <reporter-output>
          </reporter-output>
        </test-method> <!-- setUp -->
        <test-method signature="LoginSucessTest()[pri:0, instance:swaglab_test.login_test@6a28ffa4]" started-at="2025-06-21T12:01:58 IST" name="LoginSucessTest" finished-at="2025-06-21T12:01:59 IST" duration-ms="352" status="PASS">
          <reporter-output>
          </reporter-output>
        </test-method> <!-- LoginSucessTest -->
        <test-method is-config="true" signature="tearDown()[pri:0, instance:swaglab_test.login_test@6a28ffa4]" started-at="2025-06-21T12:01:59 IST" name="tearDown" finished-at="2025-06-21T12:01:59 IST" duration-ms="119" status="PASS">
          <reporter-output>
          </reporter-output>
        </test-method> <!-- tearDown -->
        <test-method is-config="true" signature="setUp()[pri:0, instance:swaglab_test.login_test@6a28ffa4]" started-at="2025-06-21T12:01:59 IST" name="setUp" finished-at="2025-06-21T12:02:01 IST" duration-ms="2197" status="PASS">
          <reporter-output>
          </reporter-output>
        </test-method> <!-- setUp -->
        <test-method signature="LoginFailureTest()[pri:1, instance:swaglab_test.login_test@6a28ffa4]" started-at="2025-06-21T12:02:01 IST" name="LoginFailureTest" finished-at="2025-06-21T12:02:01 IST" duration-ms="297" status="PASS">
          <reporter-output>
          </reporter-output>
        </test-method> <!-- LoginFailureTest -->
        <test-method is-config="true" signature="tearDown()[pri:0, instance:swaglab_test.login_test@6a28ffa4]" started-at="2025-06-21T12:02:01 IST" name="tearDown" finished-at="2025-06-21T12:02:01 IST" duration-ms="128" status="PASS">
          <reporter-output>
          </reporter-output>
        </test-method> <!-- tearDown -->
      </class> <!-- swaglab_test.login_test -->
    </test> <!-- SmokeTest -->
  </suite> <!-- Simplilearn -->
</testng-results>
