<?xml version="1.0" encoding="UTF-8"?>
<testng-results ignored="0" total="3" passed="3" failed="0" skipped="0">
  <reporter-output>
  </reporter-output>
  <suite started-at="2025-06-24T00:57:30 IST" name="Simplilearn" finished-at="2025-06-24T00:57:47 IST" duration-ms="16469">
    <groups>
    </groups>
    <test started-at="2025-06-24T00:57:30 IST" name="SmokeTest" finished-at="2025-06-24T00:57:47 IST" duration-ms="16469">
      <class name="swaglab_test.login_test">
        <test-method is-config="true" signature="setUp()[pri:0, instance:swaglab_test.login_test@21de60b4]" started-at="2025-06-24T00:57:30 IST" name="setUp" finished-at="2025-06-24T00:57:38 IST" duration-ms="8021" status="PASS">
          <reporter-output>
          </reporter-output>
        </test-method> <!-- setUp -->
        <test-method signature="LockedUserLoginFailureTest()[pri:0, instance:swaglab_test.login_test@21de60b4]" started-at="2025-06-24T00:57:38 IST" name="LockedUserLoginFailureTest" finished-at="2025-06-24T00:57:39 IST" duration-ms="459" status="PASS">
          <reporter-output>
          </reporter-output>
        </test-method> <!-- LockedUserLoginFailureTest -->
        <test-method is-config="true" signature="tearDown()[pri:0, instance:swaglab_test.login_test@21de60b4]" started-at="2025-06-24T00:57:39 IST" name="tearDown" finished-at="2025-06-24T00:57:39 IST" duration-ms="319" status="PASS">
          <reporter-output>
          </reporter-output>
        </test-method> <!-- tearDown -->
        <test-method is-config="true" signature="setUp()[pri:0, instance:swaglab_test.login_test@21de60b4]" started-at="2025-06-24T00:57:39 IST" name="setUp" finished-at="2025-06-24T00:57:43 IST" duration-ms="3904" status="PASS">
          <reporter-output>
          </reporter-output>
        </test-method> <!-- setUp -->
        <test-method signature="LoginSucessTest()[pri:0, instance:swaglab_test.login_test@21de60b4]" started-at="2025-06-24T00:57:43 IST" name="LoginSucessTest" finished-at="2025-06-24T00:57:43 IST" duration-ms="344" status="PASS">
          <reporter-output>
          </reporter-output>
        </test-method> <!-- LoginSucessTest -->
        <test-method is-config="true" signature="tearDown()[pri:0, instance:swaglab_test.login_test@21de60b4]" started-at="2025-06-24T00:57:43 IST" name="tearDown" finished-at="2025-06-24T00:57:44 IST" duration-ms="301" status="PASS">
          <reporter-output>
          </reporter-output>
        </test-method> <!-- tearDown -->
        <test-method is-config="true" signature="setUp()[pri:0, instance:swaglab_test.login_test@21de60b4]" started-at="2025-06-24T00:57:44 IST" name="setUp" finished-at="2025-06-24T00:57:46 IST" duration-ms="2327" status="PASS">
          <reporter-output>
          </reporter-output>
        </test-method> <!-- setUp -->
        <test-method signature="LoginFailureTest()[pri:1, instance:swaglab_test.login_test@21de60b4]" started-at="2025-06-24T00:57:46 IST" name="LoginFailureTest" finished-at="2025-06-24T00:57:46 IST" duration-ms="413" status="PASS">
          <reporter-output>
          </reporter-output>
        </test-method> <!-- LoginFailureTest -->
        <test-method is-config="true" signature="tearDown()[pri:0, instance:swaglab_test.login_test@21de60b4]" started-at="2025-06-24T00:57:46 IST" name="tearDown" finished-at="2025-06-24T00:57:47 IST" duration-ms="327" status="PASS">
          <reporter-output>
          </reporter-output>
        </test-method> <!-- tearDown -->
      </class> <!-- swaglab_test.login_test -->
    </test> <!-- SmokeTest -->
  </suite> <!-- Simplilearn -->
</testng-results>
