<?xml version="1.0" encoding="UTF-8"?>
<testng-results ignored="0" total="3" passed="3" failed="0" skipped="0">
  <reporter-output>
  </reporter-output>
  <suite started-at="2025-06-14T13:20:31 IST" name="Simplilearn" finished-at="2025-06-14T13:20:41 IST" duration-ms="10339">
    <groups>
    </groups>
    <test started-at="2025-06-14T13:20:31 IST" name="SmokeTest" finished-at="2025-06-14T13:20:41 IST" duration-ms="10339">
      <class name="swaglab_test.login_test">
        <test-method is-config="true" signature="setUp()[pri:0, instance:swaglab_test.login_test@34a3d150]" started-at="2025-06-14T13:20:31 IST" name="setUp" finished-at="2025-06-14T13:20:35 IST" duration-ms="4812" status="PASS">
          <reporter-output>
          </reporter-output>
        </test-method> <!-- setUp -->
        <test-method signature="LockedUserLoginFailureTest()[pri:0, instance:swaglab_test.login_test@34a3d150]" started-at="2025-06-14T13:20:35 IST" name="LockedUserLoginFailureTest" finished-at="2025-06-14T13:20:36 IST" duration-ms="299" status="PASS">
          <reporter-output>
          </reporter-output>
        </test-method> <!-- LockedUserLoginFailureTest -->
        <test-method is-config="true" signature="tearDown()[pri:0, instance:swaglab_test.login_test@34a3d150]" started-at="2025-06-14T13:20:36 IST" name="tearDown" finished-at="2025-06-14T13:20:36 IST" duration-ms="256" status="PASS">
          <reporter-output>
          </reporter-output>
        </test-method> <!-- tearDown -->
        <test-method is-config="true" signature="setUp()[pri:0, instance:swaglab_test.login_test@34a3d150]" started-at="2025-06-14T13:20:36 IST" name="setUp" finished-at="2025-06-14T13:20:38 IST" duration-ms="2026" status="PASS">
          <reporter-output>
          </reporter-output>
        </test-method> <!-- setUp -->
        <test-method signature="LoginSucessTest()[pri:0, instance:swaglab_test.login_test@34a3d150]" started-at="2025-06-14T13:20:38 IST" name="LoginSucessTest" finished-at="2025-06-14T13:20:38 IST" duration-ms="289" status="PASS">
          <reporter-output>
          </reporter-output>
        </test-method> <!-- LoginSucessTest -->
        <test-method is-config="true" signature="tearDown()[pri:0, instance:swaglab_test.login_test@34a3d150]" started-at="2025-06-14T13:20:38 IST" name="tearDown" finished-at="2025-06-14T13:20:39 IST" duration-ms="202" status="PASS">
          <reporter-output>
          </reporter-output>
        </test-method> <!-- tearDown -->
        <test-method is-config="true" signature="setUp()[pri:0, instance:swaglab_test.login_test@34a3d150]" started-at="2025-06-14T13:20:39 IST" name="setUp" finished-at="2025-06-14T13:20:40 IST" duration-ms="1905" status="PASS">
          <reporter-output>
          </reporter-output>
        </test-method> <!-- setUp -->
        <test-method signature="LoginFailureTest()[pri:1, instance:swaglab_test.login_test@34a3d150]" started-at="2025-06-14T13:20:40 IST" name="LoginFailureTest" finished-at="2025-06-14T13:20:41 IST" duration-ms="328" status="PASS">
          <reporter-output>
          </reporter-output>
        </test-method> <!-- LoginFailureTest -->
        <test-method is-config="true" signature="tearDown()[pri:0, instance:swaglab_test.login_test@34a3d150]" started-at="2025-06-14T13:20:41 IST" name="tearDown" finished-at="2025-06-14T13:20:41 IST" duration-ms="168" status="PASS">
          <reporter-output>
          </reporter-output>
        </test-method> <!-- tearDown -->
      </class> <!-- swaglab_test.login_test -->
    </test> <!-- SmokeTest -->
  </suite> <!-- Simplilearn -->
</testng-results>
