<?xml version="1.0" encoding="UTF-8"?>
<testng-results ignored="0" total="1" passed="1" failed="0" skipped="0">
  <reporter-output>
  </reporter-output>
  <suite started-at="2025-06-07T23:40:19 IST" name="Default suite" finished-at="2025-06-07T23:40:23 IST" duration-ms="3857">
    <groups>
    </groups>
    <test started-at="2025-06-07T23:40:19 IST" name="Default test" finished-at="2025-06-07T23:40:23 IST" duration-ms="3857">
      <class name="swaglab_test.ProductsTest">
        <test-method is-config="true" signature="setUp()[pri:0, instance:swaglab_test.ProductsTest@6302bbb1]" started-at="2025-06-07T23:40:19 IST" name="setUp" finished-at="2025-06-07T23:40:22 IST" duration-ms="2985" status="PASS">
          <reporter-output>
          </reporter-output>
        </test-method> <!-- setUp -->
        <test-method signature="AddtoCartTest()[pri:0, instance:swaglab_test.ProductsTest@6302bbb1]" started-at="2025-06-07T23:40:22 IST" name="AddtoCartTest" finished-at="2025-06-07T23:40:23 IST" duration-ms="519" status="PASS">
          <reporter-output>
          </reporter-output>
        </test-method> <!-- AddtoCartTest -->
        <test-method is-config="true" signature="tearDown()[pri:0, instance:swaglab_test.ProductsTest@6302bbb1]" started-at="2025-06-07T23:40:23 IST" name="tearDown" finished-at="2025-06-07T23:40:23 IST" duration-ms="295" status="PASS">
          <reporter-output>
          </reporter-output>
        </test-method> <!-- tearDown -->
      </class> <!-- swaglab_test.ProductsTest -->
    </test> <!-- Default test -->
  </suite> <!-- Default suite -->
</testng-results>
