<?xml version="1.0" encoding="UTF-8"?>
<!-- Generated by org.testng.reporters.JUnitXMLReporter -->
<testsuite ignored="4" hostname="AartiRaj" failures="0" tests="2" name="SmokeTest" time="0.108" errors="0" timestamp="2025-05-29T00:30:24 IST">
  <testcase classname="testng.annotations_example" name="test1" time="0.009"/>
  <testcase classname="testng.annotations_example" name="test2" time="0.014"/>
  <testcase classname="testng.BaseClass" name="@BeforeTest method3" time="0.0">
    <ignored/>
  </testcase> <!-- @BeforeTest method3 -->
  <testcase classname="testng.BaseClass" name="@AfterTest method4" time="0.0">
    <ignored/>
  </testcase> <!-- @AfterTest method4 -->
  <testcase classname="testng.Annotations_example2" name="test4" time="0.0">
    <ignored/>
  </testcase> <!-- test4 -->
  <testcase classname="testng.Annotations_example2" name="test3" time="0.0">
    <ignored/>
  </testcase> <!-- test3 -->
</testsuite> <!-- SmokeTest -->
