<?xml version="1.0" encoding="UTF-8"?>
<!-- Generated by org.testng.reporters.JUnitXMLReporter -->
<testsuite ignored="0" hostname="AartiRaj" failures="0" tests="3" name="SmokeTest" time="10.339" errors="0" timestamp="2025-06-14T13:20:41 IST">
  <testcase classname="swaglab_test.login_test" name="LockedUserLoginFailureTest" time="0.299"/>
  <testcase classname="swaglab_test.login_test" name="LoginSucessTest" time="0.289"/>
  <testcase classname="swaglab_test.login_test" name="LoginFailureTest" time="0.328"/>
</testsuite> <!-- SmokeTest -->
