<?xml version="1.0" encoding="UTF-8"?>
<!-- Generated by org.testng.reporters.JUnitXMLReporter -->
<testsuite ignored="0" hostname="AartiRaj" failures="0" tests="3" name="SmokeTest" time="11.236" errors="0" timestamp="2025-06-21T12:02:01 IST">
  <testcase classname="swaglab_test.login_test" name="LockedUserLoginFailureTest" time="0.413"/>
  <testcase classname="swaglab_test.login_test" name="LoginSucessTest" time="0.352"/>
  <testcase classname="swaglab_test.login_test" name="LoginFailureTest" time="0.297"/>
</testsuite> <!-- SmokeTest -->
