<?xml version="1.0" encoding="UTF-8"?>
<!-- Generated by org.testng.reporters.JUnitXMLReporter -->
<testsuite ignored="0" hostname="AartiRaj" failures="0" tests="3" name="SmokeTest" time="16.469" errors="0" timestamp="2025-06-24T00:57:47 IST">
  <testcase classname="swaglab_test.login_test" name="LockedUserLoginFailureTest" time="0.459"/>
  <testcase classname="swaglab_test.login_test" name="LoginSucessTest" time="0.344"/>
  <testcase classname="swaglab_test.login_test" name="LoginFailureTest" time="0.413"/>
</testsuite> <!-- SmokeTest -->
